<?xml version="1.0" encoding="UTF-8"?>
<!-- Generated by org.testng.reporters.JUnitXMLReporter -->
<testsuite ignored="0" hostname="192.168.1.33" failures="1" tests="1" name="Surefire test" time="21.909" errors="0" timestamp="2025-10-23T14:22:45 TRT">
  <testcase classname="io.cucumber.testng.AbstractTestNGCucumberTests" name="runScenario" time="21.755">
    <failure type="java.lang.AssertionError" message="The menu item is not displayed. App  expected [true] but found [false]">
      <![CDATA[java.lang.AssertionError: The menu item is not displayed. App  expected [true] but found [false]
at pages.BasePage.assertTrue(BasePage.java:133)
at pages.BasePage.assertVisible(BasePage.java:155)
at pages.CommonPage.navigateToMenu(CommonPage.java:37)
at stepdefinations.CommonSteps.theUserNavigatesToMenu(CommonSteps.java:13)
at âœ½.the user navigates to the following menu(file:///Users/katali/Desktop/TeknasyonAppiumQAFramework/src/test/resources/Feature/CustomTitleUpdateTest.feature:5)
... Removed 3 stack frames]]>
    </failure>
  </testcase> <!-- runScenario -->
</testsuite> <!-- Surefire test -->
