<?xml version="1.0" encoding="UTF-8"?>
<!-- Generated by org.testng.reporters.JUnitReportReporter -->
<testsuite hostname="192.168.1.33" failures="5" tests="7" name="runners.TestRunner" time="188.708" errors="0" timestamp="2025-10-23T14:17:21 TRT" skipped="0">
  <testcase classname="runners.TestRunner" name="runScenario" time="18.324">
    <failure message="The menu item is not displayed. App  expected [true] but found [false]" type="java.lang.AssertionError">
      <![CDATA[java.lang.AssertionError: The menu item is not displayed. App  expected [true] but found [false]
at org.testng.Assert.fail(Assert.java:111)
at org.testng.Assert.failNotEquals(Assert.java:1578)
at org.testng.Assert.assertTrue(Assert.java:57)
at pages.BasePage.assertTrue(BasePage.java:133)
at pages.BasePage.assertVisible(BasePage.java:155)
at pages.CommonPage.navigateToMenu(CommonPage.java:37)
at stepdefinations.CommonSteps.theUserNavigatesToMenu(CommonSteps.java:13)
at ✽.the user navigates to the following menu(file:///Users/katali/Desktop/TeknasyonAppiumQAFramework/src/test/resources/Feature/ContextMenu.feature:5)
]]>
    </failure>
  </testcase> <!-- runScenario -->
  <testcase classname="runners.TestRunner" name="runScenario" time="18.196">
    <failure message="The menu item is not displayed. App  expected [true] but found [false]" type="java.lang.AssertionError">
      <![CDATA[java.lang.AssertionError: The menu item is not displayed. App  expected [true] but found [false]
at org.testng.Assert.fail(Assert.java:111)
at org.testng.Assert.failNotEquals(Assert.java:1578)
at org.testng.Assert.assertTrue(Assert.java:57)
at pages.BasePage.assertTrue(BasePage.java:133)
at pages.BasePage.assertVisible(BasePage.java:155)
at pages.CommonPage.navigateToMenu(CommonPage.java:37)
at stepdefinations.CommonSteps.theUserNavigatesToMenu(CommonSteps.java:13)
at ✽.the user navigates to the following menu(file:///Users/katali/Desktop/TeknasyonAppiumQAFramework/src/test/resources/Feature/ListDialogSelectionTest.feature:5)
]]>
    </failure>
  </testcase> <!-- runScenario -->
  <testcase classname="runners.TestRunner" name="runScenario" time="17.807"/>
  <testcase classname="runners.TestRunner" name="runScenario" time="75.898"/>
  <testcase classname="runners.TestRunner" name="runScenario" time="22.059">
    <failure message="Redirected to the action bar page." type="java.lang.AssertionError">
      <![CDATA[java.lang.AssertionError: Redirected to the action bar page.
at org.testng.Assert.fail(Assert.java:111)
at pages.BasePage.assertFail(BasePage.java:123)
at pages.ActionBarTabPage.theUserAddsNewTabs(ActionBarTabPage.java:48)
at stepdefinations.ActionBarTabStep.theUserAddsNewTabs(ActionBarTabStep.java:18)
at ✽.the user adds 3 new tabs(file:///Users/katali/Desktop/TeknasyonAppiumQAFramework/src/test/resources/Feature/ActionBarTabs.feature:11)
]]>
    </failure>
  </testcase> <!-- runScenario -->
  <testcase classname="runners.TestRunner" name="runScenario" time="18.204">
    <failure message="The menu item is not displayed. App  expected [true] but found [false]" type="java.lang.AssertionError">
      <![CDATA[java.lang.AssertionError: The menu item is not displayed. App  expected [true] but found [false]
at org.testng.Assert.fail(Assert.java:111)
at org.testng.Assert.failNotEquals(Assert.java:1578)
at org.testng.Assert.assertTrue(Assert.java:57)
at pages.BasePage.assertTrue(BasePage.java:133)
at pages.BasePage.assertVisible(BasePage.java:155)
at pages.CommonPage.navigateToMenu(CommonPage.java:37)
at stepdefinations.CommonSteps.theUserNavigatesToMenu(CommonSteps.java:13)
at ✽.the user navigates to the following menu(file:///Users/katali/Desktop/TeknasyonAppiumQAFramework/src/test/resources/Feature/HideAndShowMenu.feature:5)
]]>
    </failure>
  </testcase> <!-- runScenario -->
  <testcase classname="runners.TestRunner" name="runScenario" time="18.220">
    <failure message="The menu item is not displayed. App  expected [true] but found [false]" type="java.lang.AssertionError">
      <![CDATA[java.lang.AssertionError: The menu item is not displayed. App  expected [true] but found [false]
at org.testng.Assert.fail(Assert.java:111)
at org.testng.Assert.failNotEquals(Assert.java:1578)
at org.testng.Assert.assertTrue(Assert.java:57)
at pages.BasePage.assertTrue(BasePage.java:133)
at pages.BasePage.assertVisible(BasePage.java:155)
at pages.CommonPage.navigateToMenu(CommonPage.java:37)
at stepdefinations.CommonSteps.theUserNavigatesToMenu(CommonSteps.java:13)
at ✽.the user navigates to the following menu(file:///Users/katali/Desktop/TeknasyonAppiumQAFramework/src/test/resources/Feature/NotificationControl.feature:5)
]]>
    </failure>
  </testcase> <!-- runScenario -->
</testsuite> <!-- runners.TestRunner -->
