<?xml version="1.0" encoding="UTF-8"?>
<!-- Generated by org.testng.reporters.JUnitXMLReporter -->
<testsuite ignored="0" hostname="192.168.1.33" failures="1" tests="7" name="Surefire test" time="182.811" errors="0" timestamp="2025-10-23T14:30:58 TRT">
  <testcase classname="io.cucumber.testng.AbstractTestNGCucumberTests" name="runScenario" time="20.147">
    <failure type="java.lang.AssertionError" message="Redirected to the action bar page.">
      <![CDATA[java.lang.AssertionError: Redirected to the action bar page.
at pages.BasePage.assertFail(BasePage.java:123)
at pages.ActionBarTabPage.theUserAddsNewTabs(ActionBarTabPage.java:48)
at stepdefinations.ActionBarTabStep.theUserAddsNewTabs(ActionBarTabStep.java:18)
at âœ½.the user adds 3 new tabs(file:///Users/katali/Desktop/TeknasyonAppiumQAFramework/src/test/resources/Feature/ActionBarTabs.feature:11)
... Removed 1 stack frames]]>
    </failure>
  </testcase> <!-- runScenario -->
  <testcase classname="io.cucumber.testng.AbstractTestNGCucumberTests" name="runScenario" time="17.496"/>
  <testcase classname="io.cucumber.testng.AbstractTestNGCucumberTests" name="runScenario" time="17.292"/>
  <testcase classname="io.cucumber.testng.AbstractTestNGCucumberTests" name="runScenario" time="24.688"/>
  <testcase classname="io.cucumber.testng.AbstractTestNGCucumberTests" name="runScenario" time="13.174"/>
  <testcase classname="io.cucumber.testng.AbstractTestNGCucumberTests" name="runScenario" time="17.089"/>
  <testcase classname="io.cucumber.testng.AbstractTestNGCucumberTests" name="runScenario" time="72.621"/>
</testsuite> <!-- Surefire test -->
