<?xml version="1.0" encoding="UTF-8"?>
<!-- Generated by org.testng.reporters.JUnitXMLReporter -->
<testsuite ignored="0" hostname="192.168.1.33" failures="1" tests="1" name="Surefire test" time="7.561" errors="0" timestamp="2025-10-20T19:25:39 TRT">
  <testcase classname="io.cucumber.testng.AbstractTestNGCucumberTests" name="runScenario" time="7.435">
    <failure type="java.lang.AssertionError" message="Test failed">
      <![CDATA[java.lang.AssertionError: Test failed
at pages.BasePage.assertFail(BasePage.java:109)
at pages.CommonPage.navigateToMenu(CommonPage.java:40)
at stepdefinations.CommonSteps.theUserNavigatesToMenu(CommonSteps.java:13)
at âœ½.the user navigates to the following menu(file:///Users/katali/Desktop/TeknasyonAppiumQAFramework/src/test/resources/Feature/CustomTitleValidation.feature:5)
... Removed 1 stack frames]]>
    </failure>
  </testcase> <!-- runScenario -->
</testsuite> <!-- Surefire test -->
