<?xml version="1.0" encoding="UTF-8"?>
<!-- Generated by org.testng.reporters.JUnitReportReporter -->
<testsuite hostname="192.168.1.33" failures="1" tests="7" name="runners.TestRunner" time="182.507" errors="0" timestamp="2025-10-23T14:30:58 TRT" skipped="0">
  <testcase classname="runners.TestRunner" name="runScenario" time="24.688"/>
  <testcase classname="runners.TestRunner" name="runScenario" time="17.292"/>
  <testcase classname="runners.TestRunner" name="runScenario" time="17.496"/>
  <testcase classname="runners.TestRunner" name="runScenario" time="17.089"/>
  <testcase classname="runners.TestRunner" name="runScenario" time="72.621"/>
  <testcase classname="runners.TestRunner" name="runScenario" time="13.174"/>
  <testcase classname="runners.TestRunner" name="runScenario" time="20.147">
    <failure message="Redirected to the action bar page." type="java.lang.AssertionError">
      <![CDATA[java.lang.AssertionError: Redirected to the action bar page.
at org.testng.Assert.fail(Assert.java:111)
at pages.BasePage.assertFail(BasePage.java:123)
at pages.ActionBarTabPage.theUserAddsNewTabs(ActionBarTabPage.java:48)
at stepdefinations.ActionBarTabStep.theUserAddsNewTabs(ActionBarTabStep.java:18)
at âœ½.the user adds 3 new tabs(file:///Users/katali/Desktop/TeknasyonAppiumQAFramework/src/test/resources/Feature/ActionBarTabs.feature:11)
]]>
    </failure>
  </testcase> <!-- runScenario -->
</testsuite> <!-- runners.TestRunner -->
