<?xml version="1.0" encoding="UTF-8"?>
<!-- Generated by org.testng.reporters.JUnitXMLReporter -->
<testsuite ignored="0" hostname="192.168.1.33" failures="5" tests="7" name="Surefire test" time="188.874" errors="0" timestamp="2025-10-23T14:17:21 TRT">
  <testcase classname="io.cucumber.testng.AbstractTestNGCucumberTests" name="runScenario" time="22.059">
    <failure type="java.lang.AssertionError" message="Redirected to the action bar page.">
      <![CDATA[java.lang.AssertionError: Redirected to the action bar page.
at pages.BasePage.assertFail(BasePage.java:123)
at pages.ActionBarTabPage.theUserAddsNewTabs(ActionBarTabPage.java:48)
at stepdefinations.ActionBarTabStep.theUserAddsNewTabs(ActionBarTabStep.java:18)
at ✽.the user adds 3 new tabs(file:///Users/katali/Desktop/TeknasyonAppiumQAFramework/src/test/resources/Feature/ActionBarTabs.feature:11)
... Removed 1 stack frames]]>
    </failure>
  </testcase> <!-- runScenario -->
  <testcase classname="io.cucumber.testng.AbstractTestNGCucumberTests" name="runScenario" time="18.324">
    <failure type="java.lang.AssertionError" message="The menu item is not displayed. App  expected [true] but found [false]">
      <![CDATA[java.lang.AssertionError: The menu item is not displayed. App  expected [true] but found [false]
at pages.BasePage.assertTrue(BasePage.java:133)
at pages.BasePage.assertVisible(BasePage.java:155)
at pages.CommonPage.navigateToMenu(CommonPage.java:37)
at stepdefinations.CommonSteps.theUserNavigatesToMenu(CommonSteps.java:13)
at ✽.the user navigates to the following menu(file:///Users/katali/Desktop/TeknasyonAppiumQAFramework/src/test/resources/Feature/ContextMenu.feature:5)
... Removed 3 stack frames]]>
    </failure>
  </testcase> <!-- runScenario -->
  <testcase classname="io.cucumber.testng.AbstractTestNGCucumberTests" name="runScenario" time="17.807"/>
  <testcase classname="io.cucumber.testng.AbstractTestNGCucumberTests" name="runScenario" time="18.204">
    <failure type="java.lang.AssertionError" message="The menu item is not displayed. App  expected [true] but found [false]">
      <![CDATA[java.lang.AssertionError: The menu item is not displayed. App  expected [true] but found [false]
at pages.BasePage.assertTrue(BasePage.java:133)
at pages.BasePage.assertVisible(BasePage.java:155)
at pages.CommonPage.navigateToMenu(CommonPage.java:37)
at stepdefinations.CommonSteps.theUserNavigatesToMenu(CommonSteps.java:13)
at ✽.the user navigates to the following menu(file:///Users/katali/Desktop/TeknasyonAppiumQAFramework/src/test/resources/Feature/HideAndShowMenu.feature:5)
... Removed 3 stack frames]]>
    </failure>
  </testcase> <!-- runScenario -->
  <testcase classname="io.cucumber.testng.AbstractTestNGCucumberTests" name="runScenario" time="18.196">
    <failure type="java.lang.AssertionError" message="The menu item is not displayed. App  expected [true] but found [false]">
      <![CDATA[java.lang.AssertionError: The menu item is not displayed. App  expected [true] but found [false]
at pages.BasePage.assertTrue(BasePage.java:133)
at pages.BasePage.assertVisible(BasePage.java:155)
at pages.CommonPage.navigateToMenu(CommonPage.java:37)
at stepdefinations.CommonSteps.theUserNavigatesToMenu(CommonSteps.java:13)
at ✽.the user navigates to the following menu(file:///Users/katali/Desktop/TeknasyonAppiumQAFramework/src/test/resources/Feature/ListDialogSelectionTest.feature:5)
... Removed 3 stack frames]]>
    </failure>
  </testcase> <!-- runScenario -->
  <testcase classname="io.cucumber.testng.AbstractTestNGCucumberTests" name="runScenario" time="18.22">
    <failure type="java.lang.AssertionError" message="The menu item is not displayed. App  expected [true] but found [false]">
      <![CDATA[java.lang.AssertionError: The menu item is not displayed. App  expected [true] but found [false]
at pages.BasePage.assertTrue(BasePage.java:133)
at pages.BasePage.assertVisible(BasePage.java:155)
at pages.CommonPage.navigateToMenu(CommonPage.java:37)
at stepdefinations.CommonSteps.theUserNavigatesToMenu(CommonSteps.java:13)
at ✽.the user navigates to the following menu(file:///Users/katali/Desktop/TeknasyonAppiumQAFramework/src/test/resources/Feature/NotificationControl.feature:5)
... Removed 3 stack frames]]>
    </failure>
  </testcase> <!-- runScenario -->
  <testcase classname="io.cucumber.testng.AbstractTestNGCucumberTests" name="runScenario" time="75.898"/>
</testsuite> <!-- Surefire test -->
