<?xml version="1.0" encoding="UTF-8"?>
<testng-results ignored="0" total="7" passed="6" failed="1" skipped="0">
  <reporter-output>
  </reporter-output>
  <suite started-at="2025-10-23T14:17:57 TRT" name="Surefire suite" finished-at="2025-10-23T14:21:06 TRT" duration-ms="189029">
    <groups>
      <group name="cucumber">
        <method signature="AbstractTestNGCucumberTests.runScenario(io.cucumber.testng.PickleWrapper,io.cucumber.testng.FeatureWrapper)[pri:0, instance:runners.TestRunner@77681ce4]" name="runScenario" class="io.cucumber.testng.AbstractTestNGCucumberTests"/>
      </group> <!-- cucumber -->
    </groups>
    <test started-at="2025-10-23T14:17:57 TRT" name="Surefire test" finished-at="2025-10-23T14:21:06 TRT" duration-ms="189029">
      <class name="runners.TestRunner">
        <test-method is-config="true" signature="setUpClass(org.testng.ITestContext)[pri:0, instance:runners.TestRunner@77681ce4]" started-at="2025-10-23T14:17:57 TRT" name="setUpClass" finished-at="2025-10-23T14:17:57 TRT" duration-ms="169" status="PASS">
          <params>
            <param index="0">
              <value>
                <![CDATA[org.testng.TestRunner@1a21f43f]]>
              </value>
            </param>
          </params>
          <reporter-output>
          </reporter-output>
        </test-method> <!-- setUpClass -->
        <test-method signature="runScenario(io.cucumber.testng.PickleWrapper,io.cucumber.testng.FeatureWrapper)[pri:0, instance:runners.TestRunner@77681ce4]" started-at="2025-10-23T14:17:58 TRT" name="runScenario" description="Runs Cucumber Scenarios" data-provider="scenarios" finished-at="2025-10-23T14:18:19 TRT" duration-ms="21228" status="FAIL">
          <params>
            <param index="0">
              <value>
                <![CDATA["Verify adding and removing Action Bar Tabs"]]>
              </value>
            </param>
            <param index="1">
              <value>
                <![CDATA["Manage Action Bar Tabs in the App"]]>
              </value>
            </param>
          </params>
          <exception class="java.lang.AssertionError">
            <message>
              <![CDATA[Redirected to the action bar page.]]>
            </message>
            <full-stacktrace>
              <![CDATA[java.lang.AssertionError: Redirected to the action bar page.
at org.testng.Assert.fail(Assert.java:111)
at pages.BasePage.assertFail(BasePage.java:123)
at pages.ActionBarTabPage.theUserAddsNewTabs(ActionBarTabPage.java:48)
at stepdefinations.ActionBarTabStep.theUserAddsNewTabs(ActionBarTabStep.java:18)
at âœ½.the user adds 3 new tabs(file:///Users/katali/Desktop/TeknasyonAppiumQAFramework/src/test/resources/Feature/ActionBarTabs.feature:11)
]]>
            </full-stacktrace>
          </exception> <!-- java.lang.AssertionError -->
          <reporter-output>
          </reporter-output>
        </test-method> <!-- runScenario -->
        <test-method signature="runScenario(io.cucumber.testng.PickleWrapper,io.cucumber.testng.FeatureWrapper)[pri:0, instance:runners.TestRunner@77681ce4]" started-at="2025-10-23T14:18:19 TRT" name="runScenario" description="Runs Cucumber Scenarios" data-provider="scenarios" finished-at="2025-10-23T14:18:36 TRT" duration-ms="17590" status="PASS">
          <params>
            <param index="0">
              <value>
                <![CDATA["Verify that Options A and B appear after long pressing the Long press me button"]]>
              </value>
            </param>
            <param index="1">
              <value>
                <![CDATA["Long Press Context Menu Test"]]>
              </value>
            </param>
          </params>
          <reporter-output>
          </reporter-output>
        </test-method> <!-- runScenario -->
        <test-method signature="runScenario(io.cucumber.testng.PickleWrapper,io.cucumber.testng.FeatureWrapper)[pri:0, instance:runners.TestRunner@77681ce4]" started-at="2025-10-23T14:18:36 TRT" name="runScenario" description="Runs Cucumber Scenarios" data-provider="scenarios" finished-at="2025-10-23T14:18:54 TRT" duration-ms="17584" status="PASS">
          <params>
            <param index="0">
              <value>
                <![CDATA["Validate default and updated texts in Custom Title Activity"]]>
              </value>
            </param>
            <param index="1">
              <value>
                <![CDATA["Custom Title Update"]]>
              </value>
            </param>
          </params>
          <reporter-output>
          </reporter-output>
        </test-method> <!-- runScenario -->
        <test-method signature="runScenario(io.cucumber.testng.PickleWrapper,io.cucumber.testng.FeatureWrapper)[pri:0, instance:runners.TestRunner@77681ce4]" started-at="2025-10-23T14:18:54 TRT" name="runScenario" description="Runs Cucumber Scenarios" data-provider="scenarios" finished-at="2025-10-23T14:19:20 TRT" duration-ms="25718" status="PASS">
          <params>
            <param index="0">
              <value>
                <![CDATA["Hide and Show buttons functionality"]]>
              </value>
            </param>
            <param index="1">
              <value>
                <![CDATA["Hide and Show Menu"]]>
              </value>
            </param>
          </params>
          <reporter-output>
          </reporter-output>
        </test-method> <!-- runScenario -->
        <test-method signature="runScenario(io.cucumber.testng.PickleWrapper,io.cucumber.testng.FeatureWrapper)[pri:0, instance:runners.TestRunner@77681ce4]" started-at="2025-10-23T14:19:20 TRT" name="runScenario" description="Runs Cucumber Scenarios" data-provider="scenarios" finished-at="2025-10-23T14:19:33 TRT" duration-ms="13531" status="PASS">
          <params>
            <param index="0">
              <value>
                <![CDATA["Verify the order and name of the selected element in the list dialog"]]>
              </value>
            </param>
            <param index="1">
              <value>
                <![CDATA["List Dialog Selection"]]>
              </value>
            </param>
          </params>
          <reporter-output>
          </reporter-output>
        </test-method> <!-- runScenario -->
        <test-method signature="runScenario(io.cucumber.testng.PickleWrapper,io.cucumber.testng.FeatureWrapper)[pri:0, instance:runners.TestRunner@77681ce4]" started-at="2025-10-23T14:19:33 TRT" name="runScenario" description="Runs Cucumber Scenarios" data-provider="scenarios" finished-at="2025-10-23T14:19:50 TRT" duration-ms="16857" status="PASS">
          <params>
            <param index="0">
              <value>
                <![CDATA["Verify that incoming notifications are shown and details match"]]>
              </value>
            </param>
            <param index="1">
              <value>
                <![CDATA["Incoming Message Notification"]]>
              </value>
            </param>
          </params>
          <reporter-output>
          </reporter-output>
        </test-method> <!-- runScenario -->
        <test-method signature="runScenario(io.cucumber.testng.PickleWrapper,io.cucumber.testng.FeatureWrapper)[pri:0, instance:runners.TestRunner@77681ce4]" started-at="2025-10-23T14:19:50 TRT" name="runScenario" description="Runs Cucumber Scenarios" data-provider="scenarios" finished-at="2025-10-23T14:21:06 TRT" duration-ms="76241" status="PASS">
          <params>
            <param index="0">
              <value>
                <![CDATA["Navigating to the last tab in Scrollable Tabs and verifying Tab 30"]]>
              </value>
            </param>
            <param index="1">
              <value>
                <![CDATA["Scrollable Tabs Navigation"]]>
              </value>
            </param>
          </params>
          <reporter-output>
          </reporter-output>
        </test-method> <!-- runScenario -->
        <test-method is-config="true" signature="tearDownClass()[pri:0, instance:runners.TestRunner@77681ce4]" started-at="2025-10-23T14:21:06 TRT" name="tearDownClass" finished-at="2025-10-23T14:21:06 TRT" duration-ms="15" status="PASS">
          <reporter-output>
          </reporter-output>
        </test-method> <!-- tearDownClass -->
      </class> <!-- runners.TestRunner -->
    </test> <!-- Surefire test -->
  </suite> <!-- Surefire suite -->
</testng-results>
