<!DOCTYPE html PUBLIC "-//W3C//DTD XHTML 1.1//EN" "https://www.w3.org/TR/xhtml11/DTD/xhtml11.dtd">
<html xmlns="https://www.w3.org/1999/xhtml">
<head>
<meta http-equiv="content-type" content="text/html; charset=UTF-8"/>
<title>TestNG Report</title>
<style type="text/css">table {margin-bottom:10px;border-collapse:collapse;empty-cells:show}th,td {border:1px solid #009;padding:.25em .5em}th {vertical-align:bottom}td {vertical-align:top}table a {font-weight:bold}.stripe td {background-color: #E6EBF9}.num {text-align:right}.passedodd td {background-color: #3F3}.passedeven td {background-color: #0A0}.skippedodd td {background-color: #DDD}.skippedeven td {background-color: #CCC}.failedodd td,.attn {background-color: #F33}.failedeven td,.stripe .attn {background-color: #D00}.stacktrace {white-space:pre;font-family:monospace}.totop {font-size:85%;text-align:center;border-bottom:2px solid #000}.invisible {display:none}</style>
</head>
<body>
<table>
<tr><th>Test</th><th># Passed</th><th># Skipped</th><th># Retried</th><th># Failed</th><th>Time (ms)</th><th>Included Groups</th><th>Excluded Groups</th></tr>
<tr><th colspan="8">Surefire suite</th></tr>
<tr><td><a href="#t0">Surefire test</a></td><td class="num">2</td><td class="num">0</td><td class="num">0</td><td class="num attn">5</td><td class="num">188,874</td><td></td><td></td></tr>
</table>
<table id='summary'><thead><tr><th>Class</th><th>Method</th><th>Start</th><th>Time (ms)</th></tr></thead><tbody><tr><th colspan="4">Surefire suite</th></tr></tbody><tbody id="t0"><tr><th colspan="4">Surefire test &#8212; failed</th></tr><tr class="failedeven"><td rowspan="5">runners.TestRunner</td><td><a href="#m0">runScenario</a></td><td rowspan="5">1761218074967</td><td rowspan="5">18324</td></tr><tr class="failedeven"><td><a href="#m1">runScenario</a></td></tr><tr class="failedeven"><td><a href="#m2">runScenario</a></td></tr><tr class="failedeven"><td><a href="#m3">runScenario</a></td></tr><tr class="failedeven"><td><a href="#m4">runScenario</a></td></tr><tr><th colspan="4">Surefire test &#8212; passed</th></tr><tr class="passedeven"><td rowspan="2">runners.TestRunner</td><td><a href="#m5">runScenario</a></td><td rowspan="2">1761218093294</td><td rowspan="2">17807</td></tr><tr class="passedeven"><td><a href="#m6">runScenario</a></td></tr></tbody>
</table>
<h2>Surefire test</h2><h3 id="m0">runners.TestRunner#runScenario</h3><table class="result"><tr class="param"><th>Parameter #1</th><th>Parameter #2</th></tr><tr class="param stripe"><td>&quot;Verify that Options A and B appear after long pressing the Long press me button&quot;</td><td>&quot;Long Press Context Menu Test&quot;</td></tr><tr><th colspan="2">Exception</th></tr><tr><td colspan="2"><div class="stacktrace">java.lang.AssertionError: The menu item is not displayed. App  expected [true] but found [false]
	at pages.BasePage.assertTrue(BasePage.java:133)
	at pages.BasePage.assertVisible(BasePage.java:155)
	at pages.CommonPage.navigateToMenu(CommonPage.java:37)
	at stepdefinations.CommonSteps.theUserNavigatesToMenu(CommonSteps.java:13)
	at ✽.the user navigates to the following menu(file:///Users/katali/Desktop/TeknasyonAppiumQAFramework/src/test/resources/Feature/ContextMenu.feature:5)
... Removed 3 stack frames</div></td></tr></table><p class="totop"><a href="#summary">back to summary</a></p>
<h3 id="m1">runners.TestRunner#runScenario</h3><table class="result"><tr class="param"><th>Parameter #1</th><th>Parameter #2</th></tr><tr class="param stripe"><td>&quot;Verify the order and name of the selected element in the list dialog&quot;</td><td>&quot;List Dialog Selection&quot;</td></tr><tr><th colspan="2">Exception</th></tr><tr><td colspan="2"><div class="stacktrace">java.lang.AssertionError: The menu item is not displayed. App  expected [true] but found [false]
	at pages.BasePage.assertTrue(BasePage.java:133)
	at pages.BasePage.assertVisible(BasePage.java:155)
	at pages.CommonPage.navigateToMenu(CommonPage.java:37)
	at stepdefinations.CommonSteps.theUserNavigatesToMenu(CommonSteps.java:13)
	at ✽.the user navigates to the following menu(file:///Users/katali/Desktop/TeknasyonAppiumQAFramework/src/test/resources/Feature/ListDialogSelectionTest.feature:5)
... Removed 3 stack frames</div></td></tr></table><p class="totop"><a href="#summary">back to summary</a></p>
<h3 id="m2">runners.TestRunner#runScenario</h3><table class="result"><tr class="param"><th>Parameter #1</th><th>Parameter #2</th></tr><tr class="param stripe"><td>&quot;Verify adding and removing Action Bar Tabs&quot;</td><td>&quot;Manage Action Bar Tabs in the App&quot;</td></tr><tr><th colspan="2">Exception</th></tr><tr><td colspan="2"><div class="stacktrace">java.lang.AssertionError: Redirected to the action bar page.
	at pages.BasePage.assertFail(BasePage.java:123)
	at pages.ActionBarTabPage.theUserAddsNewTabs(ActionBarTabPage.java:48)
	at stepdefinations.ActionBarTabStep.theUserAddsNewTabs(ActionBarTabStep.java:18)
	at ✽.the user adds 3 new tabs(file:///Users/katali/Desktop/TeknasyonAppiumQAFramework/src/test/resources/Feature/ActionBarTabs.feature:11)
... Removed 1 stack frames</div></td></tr></table><p class="totop"><a href="#summary">back to summary</a></p>
<h3 id="m3">runners.TestRunner#runScenario</h3><table class="result"><tr class="param"><th>Parameter #1</th><th>Parameter #2</th></tr><tr class="param stripe"><td>&quot;Hide and Show buttons functionality&quot;</td><td>&quot;Hide and Show Menu&quot;</td></tr><tr><th colspan="2">Exception</th></tr><tr><td colspan="2"><div class="stacktrace">java.lang.AssertionError: The menu item is not displayed. App  expected [true] but found [false]
	at pages.BasePage.assertTrue(BasePage.java:133)
	at pages.BasePage.assertVisible(BasePage.java:155)
	at pages.CommonPage.navigateToMenu(CommonPage.java:37)
	at stepdefinations.CommonSteps.theUserNavigatesToMenu(CommonSteps.java:13)
	at ✽.the user navigates to the following menu(file:///Users/katali/Desktop/TeknasyonAppiumQAFramework/src/test/resources/Feature/HideAndShowMenu.feature:5)
... Removed 3 stack frames</div></td></tr></table><p class="totop"><a href="#summary">back to summary</a></p>
<h3 id="m4">runners.TestRunner#runScenario</h3><table class="result"><tr class="param"><th>Parameter #1</th><th>Parameter #2</th></tr><tr class="param stripe"><td>&quot;Verify that incoming notifications are shown and details match&quot;</td><td>&quot;Incoming Message Notification&quot;</td></tr><tr><th colspan="2">Exception</th></tr><tr><td colspan="2"><div class="stacktrace">java.lang.AssertionError: The menu item is not displayed. App  expected [true] but found [false]
	at pages.BasePage.assertTrue(BasePage.java:133)
	at pages.BasePage.assertVisible(BasePage.java:155)
	at pages.CommonPage.navigateToMenu(CommonPage.java:37)
	at stepdefinations.CommonSteps.theUserNavigatesToMenu(CommonSteps.java:13)
	at ✽.the user navigates to the following menu(file:///Users/katali/Desktop/TeknasyonAppiumQAFramework/src/test/resources/Feature/NotificationControl.feature:5)
... Removed 3 stack frames</div></td></tr></table><p class="totop"><a href="#summary">back to summary</a></p>
<h3 id="m5">runners.TestRunner#runScenario</h3><table class="result"><tr class="param"><th>Parameter #1</th><th>Parameter #2</th></tr><tr class="param stripe"><td>&quot;Validate default and updated texts in Custom Title Activity&quot;</td><td>&quot;Custom Title Update&quot;</td></tr></table><p class="totop"><a href="#summary">back to summary</a></p>
<h3 id="m6">runners.TestRunner#runScenario</h3><table class="result"><tr class="param"><th>Parameter #1</th><th>Parameter #2</th></tr><tr class="param stripe"><td>&quot;Navigating to the last tab in Scrollable Tabs and verifying Tab 30&quot;</td><td>&quot;Scrollable Tabs Navigation&quot;</td></tr></table><p class="totop"><a href="#summary">back to summary</a></p>
</body>
</html>
