-------------------------------------------------------------------------------
Test set: runners.TestRunner
-------------------------------------------------------------------------------
Tests run: 7, Failures: 5, Errors: 0, Skipped: 0, Time elapsed: 189.5 s <<< FAILURE! -- in runners.TestRunner
runners.TestRunner.runScenario["Verify adding and removing Action Bar Tabs", "Manage Action Bar Tabs in the App"](1) -- Time elapsed: 22.07 s <<< FAILURE!
java.lang.AssertionError: Redirected to the action bar page.
	at org.testng.Assert.fail(Assert.java:111)
	at pages.BasePage.assertFail(BasePage.java:123)
	at pages.ActionBarTabPage.theUserAddsNewTabs(ActionBarTabPage.java:48)
	at stepdefinations.ActionBarTabStep.theUserAddsNewTabs(ActionBarTabStep.java:18)
	at ✽.the user adds 3 new tabs(file:///Users/katali/Desktop/TeknasyonAppiumQAFramework/src/test/resources/Feature/ActionBarTabs.feature:11)

runners.TestRunner.runScenario["Verify that Options A and B appear after long pressing the Long press me button", "Long Press Context Menu Test"](2) -- Time elapsed: 18.32 s <<< FAILURE!
java.lang.AssertionError: The menu item is not displayed. App  expected [true] but found [false]
	at org.testng.Assert.fail(Assert.java:111)
	at org.testng.Assert.failNotEquals(Assert.java:1578)
	at org.testng.Assert.assertTrue(Assert.java:57)
	at pages.BasePage.assertTrue(BasePage.java:133)
	at pages.BasePage.assertVisible(BasePage.java:155)
	at pages.CommonPage.navigateToMenu(CommonPage.java:37)
	at stepdefinations.CommonSteps.theUserNavigatesToMenu(CommonSteps.java:13)
	at ✽.the user navigates to the following menu(file:///Users/katali/Desktop/TeknasyonAppiumQAFramework/src/test/resources/Feature/ContextMenu.feature:5)

runners.TestRunner.runScenario["Hide and Show buttons functionality", "Hide and Show Menu"](4) -- Time elapsed: 18.20 s <<< FAILURE!
java.lang.AssertionError: The menu item is not displayed. App  expected [true] but found [false]
	at org.testng.Assert.fail(Assert.java:111)
	at org.testng.Assert.failNotEquals(Assert.java:1578)
	at org.testng.Assert.assertTrue(Assert.java:57)
	at pages.BasePage.assertTrue(BasePage.java:133)
	at pages.BasePage.assertVisible(BasePage.java:155)
	at pages.CommonPage.navigateToMenu(CommonPage.java:37)
	at stepdefinations.CommonSteps.theUserNavigatesToMenu(CommonSteps.java:13)
	at ✽.the user navigates to the following menu(file:///Users/katali/Desktop/TeknasyonAppiumQAFramework/src/test/resources/Feature/HideAndShowMenu.feature:5)

runners.TestRunner.runScenario["Verify the order and name of the selected element in the list dialog", "List Dialog Selection"](5) -- Time elapsed: 18.19 s <<< FAILURE!
java.lang.AssertionError: The menu item is not displayed. App  expected [true] but found [false]
	at org.testng.Assert.fail(Assert.java:111)
	at org.testng.Assert.failNotEquals(Assert.java:1578)
	at org.testng.Assert.assertTrue(Assert.java:57)
	at pages.BasePage.assertTrue(BasePage.java:133)
	at pages.BasePage.assertVisible(BasePage.java:155)
	at pages.CommonPage.navigateToMenu(CommonPage.java:37)
	at stepdefinations.CommonSteps.theUserNavigatesToMenu(CommonSteps.java:13)
	at ✽.the user navigates to the following menu(file:///Users/katali/Desktop/TeknasyonAppiumQAFramework/src/test/resources/Feature/ListDialogSelectionTest.feature:5)

runners.TestRunner.runScenario["Verify that incoming notifications are shown and details match", "Incoming Message Notification"](6) -- Time elapsed: 18.23 s <<< FAILURE!
java.lang.AssertionError: The menu item is not displayed. App  expected [true] but found [false]
	at org.testng.Assert.fail(Assert.java:111)
	at org.testng.Assert.failNotEquals(Assert.java:1578)
	at org.testng.Assert.assertTrue(Assert.java:57)
	at pages.BasePage.assertTrue(BasePage.java:133)
	at pages.BasePage.assertVisible(BasePage.java:155)
	at pages.CommonPage.navigateToMenu(CommonPage.java:37)
	at stepdefinations.CommonSteps.theUserNavigatesToMenu(CommonSteps.java:13)
	at ✽.the user navigates to the following menu(file:///Users/katali/Desktop/TeknasyonAppiumQAFramework/src/test/resources/Feature/NotificationControl.feature:5)

