<?xml version="1.0" encoding="UTF-8"?>
<testng-results ignored="0" total="7" passed="2" failed="5" skipped="0">
  <reporter-output>
  </reporter-output>
  <suite started-at="2025-10-23T14:14:12 TRT" name="Surefire suite" finished-at="2025-10-23T14:17:21 TRT" duration-ms="188874">
    <groups>
      <group name="cucumber">
        <method signature="AbstractTestNGCucumberTests.runScenario(io.cucumber.testng.PickleWrapper,io.cucumber.testng.FeatureWrapper)[pri:0, instance:runners.TestRunner@2e5b7fba]" name="runScenario" class="io.cucumber.testng.AbstractTestNGCucumberTests"/>
      </group> <!-- cucumber -->
    </groups>
    <test started-at="2025-10-23T14:14:12 TRT" name="Surefire test" finished-at="2025-10-23T14:17:21 TRT" duration-ms="188874">
      <class name="runners.TestRunner">
        <test-method is-config="true" signature="setUpClass(org.testng.ITestContext)[pri:0, instance:runners.TestRunner@2e5b7fba]" started-at="2025-10-23T14:14:12 TRT" name="setUpClass" finished-at="2025-10-23T14:14:12 TRT" duration-ms="111" status="PASS">
          <params>
            <param index="0">
              <value>
                <![CDATA[org.testng.TestRunner@7b351446]]>
              </value>
            </param>
          </params>
          <reporter-output>
          </reporter-output>
        </test-method> <!-- setUpClass -->
        <test-method signature="runScenario(io.cucumber.testng.PickleWrapper,io.cucumber.testng.FeatureWrapper)[pri:0, instance:runners.TestRunner@2e5b7fba]" started-at="2025-10-23T14:14:12 TRT" name="runScenario" description="Runs Cucumber Scenarios" data-provider="scenarios" finished-at="2025-10-23T14:14:34 TRT" duration-ms="22059" status="FAIL">
          <params>
            <param index="0">
              <value>
                <![CDATA["Verify adding and removing Action Bar Tabs"]]>
              </value>
            </param>
            <param index="1">
              <value>
                <![CDATA["Manage Action Bar Tabs in the App"]]>
              </value>
            </param>
          </params>
          <exception class="java.lang.AssertionError">
            <message>
              <![CDATA[Redirected to the action bar page.]]>
            </message>
            <full-stacktrace>
              <![CDATA[java.lang.AssertionError: Redirected to the action bar page.
at org.testng.Assert.fail(Assert.java:111)
at pages.BasePage.assertFail(BasePage.java:123)
at pages.ActionBarTabPage.theUserAddsNewTabs(ActionBarTabPage.java:48)
at stepdefinations.ActionBarTabStep.theUserAddsNewTabs(ActionBarTabStep.java:18)
at ✽.the user adds 3 new tabs(file:///Users/katali/Desktop/TeknasyonAppiumQAFramework/src/test/resources/Feature/ActionBarTabs.feature:11)
]]>
            </full-stacktrace>
          </exception> <!-- java.lang.AssertionError -->
          <reporter-output>
          </reporter-output>
        </test-method> <!-- runScenario -->
        <test-method signature="runScenario(io.cucumber.testng.PickleWrapper,io.cucumber.testng.FeatureWrapper)[pri:0, instance:runners.TestRunner@2e5b7fba]" started-at="2025-10-23T14:14:34 TRT" name="runScenario" description="Runs Cucumber Scenarios" data-provider="scenarios" finished-at="2025-10-23T14:14:53 TRT" duration-ms="18324" status="FAIL">
          <params>
            <param index="0">
              <value>
                <![CDATA["Verify that Options A and B appear after long pressing the Long press me button"]]>
              </value>
            </param>
            <param index="1">
              <value>
                <![CDATA["Long Press Context Menu Test"]]>
              </value>
            </param>
          </params>
          <exception class="java.lang.AssertionError">
            <message>
              <![CDATA[The menu item is not displayed. App  expected [true] but found [false]]]>
            </message>
            <full-stacktrace>
              <![CDATA[java.lang.AssertionError: The menu item is not displayed. App  expected [true] but found [false]
at org.testng.Assert.fail(Assert.java:111)
at org.testng.Assert.failNotEquals(Assert.java:1578)
at org.testng.Assert.assertTrue(Assert.java:57)
at pages.BasePage.assertTrue(BasePage.java:133)
at pages.BasePage.assertVisible(BasePage.java:155)
at pages.CommonPage.navigateToMenu(CommonPage.java:37)
at stepdefinations.CommonSteps.theUserNavigatesToMenu(CommonSteps.java:13)
at ✽.the user navigates to the following menu(file:///Users/katali/Desktop/TeknasyonAppiumQAFramework/src/test/resources/Feature/ContextMenu.feature:5)
]]>
            </full-stacktrace>
          </exception> <!-- java.lang.AssertionError -->
          <reporter-output>
          </reporter-output>
        </test-method> <!-- runScenario -->
        <test-method signature="runScenario(io.cucumber.testng.PickleWrapper,io.cucumber.testng.FeatureWrapper)[pri:0, instance:runners.TestRunner@2e5b7fba]" started-at="2025-10-23T14:14:53 TRT" name="runScenario" description="Runs Cucumber Scenarios" data-provider="scenarios" finished-at="2025-10-23T14:15:11 TRT" duration-ms="17807" status="PASS">
          <params>
            <param index="0">
              <value>
                <![CDATA["Validate default and updated texts in Custom Title Activity"]]>
              </value>
            </param>
            <param index="1">
              <value>
                <![CDATA["Custom Title Update"]]>
              </value>
            </param>
          </params>
          <reporter-output>
          </reporter-output>
        </test-method> <!-- runScenario -->
        <test-method signature="runScenario(io.cucumber.testng.PickleWrapper,io.cucumber.testng.FeatureWrapper)[pri:0, instance:runners.TestRunner@2e5b7fba]" started-at="2025-10-23T14:15:11 TRT" name="runScenario" description="Runs Cucumber Scenarios" data-provider="scenarios" finished-at="2025-10-23T14:15:29 TRT" duration-ms="18204" status="FAIL">
          <params>
            <param index="0">
              <value>
                <![CDATA["Hide and Show buttons functionality"]]>
              </value>
            </param>
            <param index="1">
              <value>
                <![CDATA["Hide and Show Menu"]]>
              </value>
            </param>
          </params>
          <exception class="java.lang.AssertionError">
            <message>
              <![CDATA[The menu item is not displayed. App  expected [true] but found [false]]]>
            </message>
            <full-stacktrace>
              <![CDATA[java.lang.AssertionError: The menu item is not displayed. App  expected [true] but found [false]
at org.testng.Assert.fail(Assert.java:111)
at org.testng.Assert.failNotEquals(Assert.java:1578)
at org.testng.Assert.assertTrue(Assert.java:57)
at pages.BasePage.assertTrue(BasePage.java:133)
at pages.BasePage.assertVisible(BasePage.java:155)
at pages.CommonPage.navigateToMenu(CommonPage.java:37)
at stepdefinations.CommonSteps.theUserNavigatesToMenu(CommonSteps.java:13)
at ✽.the user navigates to the following menu(file:///Users/katali/Desktop/TeknasyonAppiumQAFramework/src/test/resources/Feature/HideAndShowMenu.feature:5)
]]>
            </full-stacktrace>
          </exception> <!-- java.lang.AssertionError -->
          <reporter-output>
          </reporter-output>
        </test-method> <!-- runScenario -->
        <test-method signature="runScenario(io.cucumber.testng.PickleWrapper,io.cucumber.testng.FeatureWrapper)[pri:0, instance:runners.TestRunner@2e5b7fba]" started-at="2025-10-23T14:15:29 TRT" name="runScenario" description="Runs Cucumber Scenarios" data-provider="scenarios" finished-at="2025-10-23T14:15:47 TRT" duration-ms="18196" status="FAIL">
          <params>
            <param index="0">
              <value>
                <![CDATA["Verify the order and name of the selected element in the list dialog"]]>
              </value>
            </param>
            <param index="1">
              <value>
                <![CDATA["List Dialog Selection"]]>
              </value>
            </param>
          </params>
          <exception class="java.lang.AssertionError">
            <message>
              <![CDATA[The menu item is not displayed. App  expected [true] but found [false]]]>
            </message>
            <full-stacktrace>
              <![CDATA[java.lang.AssertionError: The menu item is not displayed. App  expected [true] but found [false]
at org.testng.Assert.fail(Assert.java:111)
at org.testng.Assert.failNotEquals(Assert.java:1578)
at org.testng.Assert.assertTrue(Assert.java:57)
at pages.BasePage.assertTrue(BasePage.java:133)
at pages.BasePage.assertVisible(BasePage.java:155)
at pages.CommonPage.navigateToMenu(CommonPage.java:37)
at stepdefinations.CommonSteps.theUserNavigatesToMenu(CommonSteps.java:13)
at ✽.the user navigates to the following menu(file:///Users/katali/Desktop/TeknasyonAppiumQAFramework/src/test/resources/Feature/ListDialogSelectionTest.feature:5)
]]>
            </full-stacktrace>
          </exception> <!-- java.lang.AssertionError -->
          <reporter-output>
          </reporter-output>
        </test-method> <!-- runScenario -->
        <test-method signature="runScenario(io.cucumber.testng.PickleWrapper,io.cucumber.testng.FeatureWrapper)[pri:0, instance:runners.TestRunner@2e5b7fba]" started-at="2025-10-23T14:15:47 TRT" name="runScenario" description="Runs Cucumber Scenarios" data-provider="scenarios" finished-at="2025-10-23T14:16:05 TRT" duration-ms="18220" status="FAIL">
          <params>
            <param index="0">
              <value>
                <![CDATA["Verify that incoming notifications are shown and details match"]]>
              </value>
            </param>
            <param index="1">
              <value>
                <![CDATA["Incoming Message Notification"]]>
              </value>
            </param>
          </params>
          <exception class="java.lang.AssertionError">
            <message>
              <![CDATA[The menu item is not displayed. App  expected [true] but found [false]]]>
            </message>
            <full-stacktrace>
              <![CDATA[java.lang.AssertionError: The menu item is not displayed. App  expected [true] but found [false]
at org.testng.Assert.fail(Assert.java:111)
at org.testng.Assert.failNotEquals(Assert.java:1578)
at org.testng.Assert.assertTrue(Assert.java:57)
at pages.BasePage.assertTrue(BasePage.java:133)
at pages.BasePage.assertVisible(BasePage.java:155)
at pages.CommonPage.navigateToMenu(CommonPage.java:37)
at stepdefinations.CommonSteps.theUserNavigatesToMenu(CommonSteps.java:13)
at ✽.the user navigates to the following menu(file:///Users/katali/Desktop/TeknasyonAppiumQAFramework/src/test/resources/Feature/NotificationControl.feature:5)
]]>
            </full-stacktrace>
          </exception> <!-- java.lang.AssertionError -->
          <reporter-output>
          </reporter-output>
        </test-method> <!-- runScenario -->
        <test-method signature="runScenario(io.cucumber.testng.PickleWrapper,io.cucumber.testng.FeatureWrapper)[pri:0, instance:runners.TestRunner@2e5b7fba]" started-at="2025-10-23T14:16:05 TRT" name="runScenario" description="Runs Cucumber Scenarios" data-provider="scenarios" finished-at="2025-10-23T14:17:21 TRT" duration-ms="75898" status="PASS">
          <params>
            <param index="0">
              <value>
                <![CDATA["Navigating to the last tab in Scrollable Tabs and verifying Tab 30"]]>
              </value>
            </param>
            <param index="1">
              <value>
                <![CDATA["Scrollable Tabs Navigation"]]>
              </value>
            </param>
          </params>
          <reporter-output>
          </reporter-output>
        </test-method> <!-- runScenario -->
        <test-method is-config="true" signature="tearDownClass()[pri:0, instance:runners.TestRunner@2e5b7fba]" started-at="2025-10-23T14:17:21 TRT" name="tearDownClass" finished-at="2025-10-23T14:17:21 TRT" duration-ms="12" status="PASS">
          <reporter-output>
          </reporter-output>
        </test-method> <!-- tearDownClass -->
      </class> <!-- runners.TestRunner -->
    </test> <!-- Surefire test -->
  </suite> <!-- Surefire suite -->
</testng-results>
