<?xml version="1.0" encoding="UTF-8"?>
<!-- Generated by org.testng.reporters.JUnitReportReporter -->
<testsuite hostname="192.168.1.33" failures="1" tests="7" name="runners.TestRunner" time="188.749" errors="0" timestamp="2025-10-23T14:21:06 TRT" skipped="0">
  <testcase classname="runners.TestRunner" name="runScenario" time="25.718"/>
  <testcase classname="runners.TestRunner" name="runScenario" time="17.590"/>
  <testcase classname="runners.TestRunner" name="runScenario" time="76.241"/>
  <testcase classname="runners.TestRunner" name="runScenario" time="21.228">
    <failure message="Redirected to the action bar page." type="java.lang.AssertionError">
      <![CDATA[java.lang.AssertionError: Redirected to the action bar page.
at org.testng.Assert.fail(Assert.java:111)
at pages.BasePage.assertFail(BasePage.java:123)
at pages.ActionBarTabPage.theUserAddsNewTabs(ActionBarTabPage.java:48)
at stepdefinations.ActionBarTabStep.theUserAddsNewTabs(ActionBarTabStep.java:18)
at âœ½.the user adds 3 new tabs(file:///Users/katali/Desktop/TeknasyonAppiumQAFramework/src/test/resources/Feature/ActionBarTabs.feature:11)
]]>
    </failure>
  </testcase> <!-- runScenario -->
  <testcase classname="runners.TestRunner" name="runScenario" time="16.857"/>
  <testcase classname="runners.TestRunner" name="runScenario" time="13.531"/>
  <testcase classname="runners.TestRunner" name="runScenario" time="17.584"/>
</testsuite> <!-- runners.TestRunner -->
